<?xml version="1.0" encoding="UTF-8"?>
<!-- Generated by org.testng.reporters.JUnitReportReporter -->
<testsuite hostname="0814" name="test_topqteamworkweb.TestTopQTeamWorkWeb" tests="2" failures="0" timestamp="27 Dec 2015 13:59:19 GMT" time="50.298" errors="1">
  <testcase name="testAddTaskListToMilestone" time="19.692" classname="test_topqteamworkweb.TestTopQTeamWorkWeb"/>
  <testcase name="CreateNewTask" time="30.606" classname="test_topqteamworkweb.TestTopQTeamWorkWeb">
    <error type="java.lang.AssertionError" message="expected:&lt;false&gt; but was:&lt;true&gt;">
      <![CDATA[java.lang.AssertionError: expected:<false> but was:<true>
	at org.testng.Assert.fail(Assert.java:89)
	at org.testng.Assert.failNotEquals(Assert.java:489)
	at org.testng.Assert.assertFalse(Assert.java:58)
	at org.testng.Assert.assertFalse(Assert.java:68)
	at topq_teamwork_web.AddTaskToTaskListPage.assertInPage(AddTaskToTaskListPage.java:21)
	at abstract_page.AbstractPageObject.<init>(AbstractPageObject.java:18)
	at abstract_page.AbstractHomePage.<init>(AbstractHomePage.java:12)
	at topq_teamwork_web.AddTaskToTaskListPage.<init>(AddTaskToTaskListPage.java:15)
	at topq_teamwork_web.TasksPage.clickOnAddTask(TasksPage.java:53)
	at test_topqteamworkweb.TestTopQTeamWorkWeb.CreateNewTask(TestTopQTeamWorkWeb.java:46)
	at sun.reflect.NativeMethodAccessorImpl.invoke0(Native Method)
	at sun.reflect.NativeMethodAccessorImpl.invoke(NativeMethodAccessorImpl.java:62)
	at sun.reflect.DelegatingMethodAccessorImpl.invoke(DelegatingMethodAccessorImpl.java:43)
	at java.lang.reflect.Method.invoke(Method.java:497)
	at org.testng.internal.MethodInvocationHelper.invokeMethod(MethodInvocationHelper.java:80)
	at org.testng.internal.Invoker.invokeMethod(Invoker.java:702)
	at org.testng.internal.Invoker.invokeTestMethod(Invoker.java:894)
	at org.testng.internal.Invoker.invokeTestMethods(Invoker.java:1219)
	at org.testng.internal.TestMethodWorker.invokeTestMethods(TestMethodWorker.java:127)
	at org.testng.internal.TestMethodWorker.run(TestMethodWorker.java:111)
	at org.testng.TestRunner.privateRun(TestRunner.java:768)
	at org.testng.TestRunner.run(TestRunner.java:617)
	at org.testng.SuiteRunner.runTest(SuiteRunner.java:334)
	at org.testng.SuiteRunner.runSequentially(SuiteRunner.java:329)
	at org.testng.SuiteRunner.privateRun(SuiteRunner.java:291)
	at org.testng.SuiteRunner.run(SuiteRunner.java:240)
	at org.testng.SuiteRunnerWorker.runSuite(SuiteRunnerWorker.java:53)
	at org.testng.SuiteRunnerWorker.run(SuiteRunnerWorker.java:87)
	at org.testng.TestNG.runSuitesSequentially(TestNG.java:1188)
	at org.testng.TestNG.runSuitesLocally(TestNG.java:1113)
	at org.testng.TestNG.run(TestNG.java:1025)
	at org.testng.remote.RemoteTestNG.run(RemoteTestNG.java:115)
	at org.testng.remote.RemoteTestNG.initAndRun(RemoteTestNG.java:207)
	at org.testng.remote.RemoteTestNG.main(RemoteTestNG.java:178)
]]>
    </error>
  </testcase> <!-- CreateNewTask -->
</testsuite> <!-- test_topqteamworkweb.TestTopQTeamWorkWeb -->
