<?xml version="1.0" encoding="UTF-8"?>
<!-- Generated by org.testng.reporters.JUnitXMLReporter -->
<testsuite hostname="0814" name="Default test" tests="1" failures="1" timestamp="3 Jan 2016 11:01:16 GMT" time="192.991" errors="0">
  <testcase name="testAddNewNote" time="179.912" classname="com.TestTeamWorkApp">
    <failure type="org.openqa.selenium.TimeoutException" message="Timed out after 20 seconds waiting for presence of any elements located by By.xpath: //android.widget.ListView[@text=&amp;apos;taslList234343&amp;apos;]/../android.widget.TextView
Build info: version: &amp;apos;2.48.2&amp;apos;, revision: &amp;apos;41bccdd10cf2c0560f637404c2d96164b67d9d67&amp;apos;, time: &amp;apos;2015-10-09 13:08:06&amp;apos;
System info: host: &amp;apos;0814&amp;apos;, ip: &amp;apos;127.0.1.1&amp;apos;, os.name: &amp;apos;Linux&amp;apos;, os.arch: &amp;apos;amd64&amp;apos;, os.version: &amp;apos;3.13.0-74-generic&amp;apos;, java.version: &amp;apos;1.8.0_66&amp;apos;
Driver info: io.appium.java_client.android.AndroidDriver
Capabilities [{app=/home/developer/workspaseJaveSelenium/teamworkApp/teamwork.apk, appPackage=net.teamworkpm.phone, networkConnectionEnabled=true, warnings={}, databaseEnabled=false, deviceName=192.168.56.101:5555, platform=LINUX, appActivity=.ProjectsActivity, desired={app=/home/developer/workspaseJaveSelenium/teamworkApp/teamwork.apk, appPackage=net.teamworkpm.phone, appActivity=.ProjectsActivity, platformVersion=4.2.2, platformName=Android, deviceName=google Galaxy Nexus - 4.2.2 - API 17 - 720x1280}, platformVersion=4.2.2, webStorageEnabled=false, locationContextEnabled=false, browserName=Android, takesScreenshot=true, javascriptEnabled=true, platformName=Android}]
Session ID: 1d26b87b-301a-4cf3-9eba-f2b57a8234d3">
      <![CDATA[org.openqa.selenium.TimeoutException: Timed out after 20 seconds waiting for presence of any elements located by By.xpath: //android.widget.ListView[@text='taslList234343']/../android.widget.TextView
Build info: version: '2.48.2', revision: '41bccdd10cf2c0560f637404c2d96164b67d9d67', time: '2015-10-09 13:08:06'
System info: host: '0814', ip: '127.0.1.1', os.name: 'Linux', os.arch: 'amd64', os.version: '3.13.0-74-generic', java.version: '1.8.0_66'
Driver info: io.appium.java_client.android.AndroidDriver
Capabilities [{app=/home/developer/workspaseJaveSelenium/teamworkApp/teamwork.apk, appPackage=net.teamworkpm.phone, networkConnectionEnabled=true, warnings={}, databaseEnabled=false, deviceName=192.168.56.101:5555, platform=LINUX, appActivity=.ProjectsActivity, desired={app=/home/developer/workspaseJaveSelenium/teamworkApp/teamwork.apk, appPackage=net.teamworkpm.phone, appActivity=.ProjectsActivity, platformVersion=4.2.2, platformName=Android, deviceName=google Galaxy Nexus - 4.2.2 - API 17 - 720x1280}, platformVersion=4.2.2, webStorageEnabled=false, locationContextEnabled=false, browserName=Android, takesScreenshot=true, javascriptEnabled=true, platformName=Android}]
Session ID: 1d26b87b-301a-4cf3-9eba-f2b57a8234d3
	at org.openqa.selenium.support.ui.WebDriverWait.timeoutException(WebDriverWait.java:80)
	at org.openqa.selenium.support.ui.FluentWait.until(FluentWait.java:261)
	at abstract_pages.AbstractMobilePageObject.findElements(AbstractMobilePageObject.java:88)
	at application_pages.ActiveTaskListsPage.IsTaskListExist(ActiveTaskListsPage.java:46)
	at com.TestTeamWorkApp.testAddNewNote(TestTeamWorkApp.java:63)
	at sun.reflect.NativeMethodAccessorImpl.invoke0(Native Method)
	at sun.reflect.NativeMethodAccessorImpl.invoke(NativeMethodAccessorImpl.java:62)
	at sun.reflect.DelegatingMethodAccessorImpl.invoke(DelegatingMethodAccessorImpl.java:43)
	at java.lang.reflect.Method.invoke(Method.java:497)
	at org.testng.internal.MethodInvocationHelper.invokeMethod(MethodInvocationHelper.java:86)
	at org.testng.internal.Invoker.invokeMethod(Invoker.java:643)
	at org.testng.internal.Invoker.invokeTestMethod(Invoker.java:820)
	at org.testng.internal.Invoker.invokeTestMethods(Invoker.java:1128)
	at org.testng.internal.TestMethodWorker.invokeTestMethods(TestMethodWorker.java:129)
	at org.testng.internal.TestMethodWorker.run(TestMethodWorker.java:112)
	at org.testng.TestRunner.privateRun(TestRunner.java:782)
	at org.testng.TestRunner.run(TestRunner.java:632)
	at org.testng.SuiteRunner.runTest(SuiteRunner.java:366)
	at org.testng.SuiteRunner.runSequentially(SuiteRunner.java:361)
	at org.testng.SuiteRunner.privateRun(SuiteRunner.java:319)
	at org.testng.SuiteRunner.run(SuiteRunner.java:268)
	at org.testng.SuiteRunnerWorker.runSuite(SuiteRunnerWorker.java:52)
	at org.testng.SuiteRunnerWorker.run(SuiteRunnerWorker.java:86)
	at org.testng.TestNG.runSuitesSequentially(TestNG.java:1244)
	at org.testng.TestNG.runSuitesLocally(TestNG.java:1169)
	at org.testng.TestNG.run(TestNG.java:1064)
	at org.testng.remote.RemoteTestNG.run(RemoteTestNG.java:113)
	at org.testng.remote.RemoteTestNG.initAndRun(RemoteTestNG.java:206)
	at org.testng.remote.RemoteTestNG.main(RemoteTestNG.java:177)
]]>
    </failure>
  </testcase> <!-- testAddNewNote -->
</testsuite> <!-- Default test -->
