<?xml version="1.0" encoding="UTF-8"?>
<testng-results skipped="0" failed="1" total="2" passed="1">
  <reporter-output>
    <line>
      <![CDATA[Success to login!]]>
    </line>
    <line>
      <![CDATA[We have a new task list]]>
    </line>
    <line>
      <![CDATA[Success to login!]]>
    </line>
    <line>
      <![CDATA[We have a new task list]]>
    </line>
  </reporter-output>
  <suite name="Default suite" duration-ms="50311" started-at="2015-12-27T15:58:29Z" finished-at="2015-12-27T15:59:19Z">
    <groups>
    </groups>
    <test name="Default test" duration-ms="50311" started-at="2015-12-27T15:58:29Z" finished-at="2015-12-27T15:59:19Z">
      <class name="test_topqteamworkweb.TestTopQTeamWorkWeb">
        <test-method status="PASS" signature="SetUpBeforeMethod()[pri:0, instance:test_topqteamworkweb.TestTopQTeamWorkWeb@7907ec20]" name="SetUpBeforeMethod" is-config="true" duration-ms="3705" started-at="2015-12-27T15:58:29Z" finished-at="2015-12-27T15:58:33Z">
        </test-method> <!-- SetUpBeforeMethod -->
        <test-method status="FAIL" signature="CreateNewTask()[pri:0, instance:test_topqteamworkweb.TestTopQTeamWorkWeb@7907ec20]" name="CreateNewTask" duration-ms="22828" started-at="2015-12-27T15:58:33Z" finished-at="2015-12-27T15:58:55Z">
          <exception class="java.lang.AssertionError">
            <message>
              <![CDATA[expected:<false> but was:<true>]]>
            </message>
            <full-stacktrace>
              <![CDATA[java.lang.AssertionError: expected:<false> but was:<true>
	at org.testng.Assert.fail(Assert.java:89)
	at org.testng.Assert.failNotEquals(Assert.java:489)
	at org.testng.Assert.assertFalse(Assert.java:58)
	at org.testng.Assert.assertFalse(Assert.java:68)
	at topq_teamwork_web.AddTaskToTaskListPage.assertInPage(AddTaskToTaskListPage.java:21)
	at abstract_page.AbstractPageObject.<init>(AbstractPageObject.java:18)
	at abstract_page.AbstractHomePage.<init>(AbstractHomePage.java:12)
	at topq_teamwork_web.AddTaskToTaskListPage.<init>(AddTaskToTaskListPage.java:15)
	at topq_teamwork_web.TasksPage.clickOnAddTask(TasksPage.java:53)
	at test_topqteamworkweb.TestTopQTeamWorkWeb.CreateNewTask(TestTopQTeamWorkWeb.java:46)
	at sun.reflect.NativeMethodAccessorImpl.invoke0(Native Method)
	at sun.reflect.NativeMethodAccessorImpl.invoke(NativeMethodAccessorImpl.java:62)
	at sun.reflect.DelegatingMethodAccessorImpl.invoke(DelegatingMethodAccessorImpl.java:43)
	at java.lang.reflect.Method.invoke(Method.java:497)
	at org.testng.internal.MethodInvocationHelper.invokeMethod(MethodInvocationHelper.java:80)
	at org.testng.internal.Invoker.invokeMethod(Invoker.java:702)
	at org.testng.internal.Invoker.invokeTestMethod(Invoker.java:894)
	at org.testng.internal.Invoker.invokeTestMethods(Invoker.java:1219)
	at org.testng.internal.TestMethodWorker.invokeTestMethods(TestMethodWorker.java:127)
	at org.testng.internal.TestMethodWorker.run(TestMethodWorker.java:111)
	at org.testng.TestRunner.privateRun(TestRunner.java:768)
	at org.testng.TestRunner.run(TestRunner.java:617)
	at org.testng.SuiteRunner.runTest(SuiteRunner.java:334)
	at org.testng.SuiteRunner.runSequentially(SuiteRunner.java:329)
	at org.testng.SuiteRunner.privateRun(SuiteRunner.java:291)
	at org.testng.SuiteRunner.run(SuiteRunner.java:240)
	at org.testng.SuiteRunnerWorker.runSuite(SuiteRunnerWorker.java:53)
	at org.testng.SuiteRunnerWorker.run(SuiteRunnerWorker.java:87)
	at org.testng.TestNG.runSuitesSequentially(TestNG.java:1188)
	at org.testng.TestNG.runSuitesLocally(TestNG.java:1113)
	at org.testng.TestNG.run(TestNG.java:1025)
	at org.testng.remote.RemoteTestNG.run(RemoteTestNG.java:115)
	at org.testng.remote.RemoteTestNG.initAndRun(RemoteTestNG.java:207)
	at org.testng.remote.RemoteTestNG.main(RemoteTestNG.java:178)
]]>
            </full-stacktrace>
          </exception> <!-- java.lang.AssertionError -->
        </test-method> <!-- CreateNewTask -->
        <test-method status="PASS" signature="closePageAfterMethod()[pri:0, instance:test_topqteamworkweb.TestTopQTeamWorkWeb@7907ec20]" name="closePageAfterMethod" is-config="true" duration-ms="4073" started-at="2015-12-27T15:58:55Z" finished-at="2015-12-27T15:58:59Z">
        </test-method> <!-- closePageAfterMethod -->
        <test-method status="PASS" signature="SetUpBeforeMethod()[pri:0, instance:test_topqteamworkweb.TestTopQTeamWorkWeb@7907ec20]" name="SetUpBeforeMethod" is-config="true" duration-ms="2989" started-at="2015-12-27T15:58:59Z" finished-at="2015-12-27T15:59:02Z">
        </test-method> <!-- SetUpBeforeMethod -->
        <test-method status="PASS" signature="testAddTaskListToMilestone()[pri:0, instance:test_topqteamworkweb.TestTopQTeamWorkWeb@7907ec20]" name="testAddTaskListToMilestone" duration-ms="12634" started-at="2015-12-27T15:59:02Z" finished-at="2015-12-27T15:59:15Z">
        </test-method> <!-- testAddTaskListToMilestone -->
        <test-method status="PASS" signature="closePageAfterMethod()[pri:0, instance:test_topqteamworkweb.TestTopQTeamWorkWeb@7907ec20]" name="closePageAfterMethod" is-config="true" duration-ms="4069" started-at="2015-12-27T15:59:15Z" finished-at="2015-12-27T15:59:19Z">
        </test-method> <!-- closePageAfterMethod -->
      </class> <!-- test_topqteamworkweb.TestTopQTeamWorkWeb -->
    </test> <!-- Default test -->
  </suite> <!-- Default suite -->
</testng-results>
